<?xml version="1.0" encoding="UTF-8"?>
<!-- Generated by org.testng.reporters.JUnitReportReporter -->
<testsuite hostname="LAPTOP-VFRUA80I" failures="0" tests="1" name="Project.Project1" time="0.013" errors="0" timestamp="2023-12-06T08:17:55 IST" skipped="0">
  <testcase classname="Project.Project1" name="M1" time="0.013"/>
  <system-out/>
</testsuite> <!-- Project.Project1 -->
