<?xml version="1.0" encoding="UTF-8"?>
<!-- Generated by org.testng.reporters.JUnitReportReporter -->
<testsuite hostname="LAPTOP-VFRUA80I" failures="0" tests="1" name="Project.Project2" time="0.026" errors="0" timestamp="2023-12-06T08:16:35 IST" skipped="0">
  <testcase classname="Project.Project2" name="M2" time="0.026"/>
  <system-out/>
</testsuite> <!-- Project.Project2 -->
